[0.128s] DEBUG:colcon:Command line arguments: ['/usr/bin/colcon', 'build', '--packages-select', 'cart_pole_optimal_control', '--symlink-install']
[0.128s] DEBUG:colcon:Parsed command line arguments: Namespace(log_base=None, log_level=None, verb_name='build', build_base='build', install_base='install', merge_install=False, symlink_install=True, test_result_base=None, continue_on_error=False, executor='parallel', parallel_workers=20, event_handlers=None, ignore_user_meta=False, metas=['./colcon.meta'], base_paths=['.'], packages_ignore=None, packages_ignore_regex=None, paths=None, packages_up_to=None, packages_up_to_regex=None, packages_above=None, packages_above_and_dependencies=None, packages_above_depth=None, packages_select_by_dep=None, packages_skip_by_dep=None, packages_skip_up_to=None, packages_select_build_failed=False, packages_skip_build_finished=False, packages_select_test_failures=False, packages_skip_test_passed=False, packages_select=['cart_pole_optimal_control'], packages_skip=None, packages_select_regex=None, packages_skip_regex=None, packages_start=None, packages_end=None, allow_overriding=[], cmake_args=None, cmake_target=None, cmake_target_skip_unavailable=False, cmake_clean_cache=False, cmake_clean_first=False, cmake_force_configure=False, ament_cmake_args=None, catkin_cmake_args=None, catkin_skip_building_tests=False, mixin_files=None, mixin=None, verb_parser=<colcon_mixin.mixin.mixin_argument.MixinArgumentDecorator object at 0x71cd29db86e0>, verb_extension=<colcon_core.verb.build.BuildVerb object at 0x71cd29ed4800>, main=<bound method BuildVerb.main of <colcon_core.verb.build.BuildVerb object at 0x71cd29ed4800>>, mixin_verb=('build',))
[0.172s] Level 1:colcon.colcon_core.package_discovery:discover_packages(colcon_meta) check parameters
[0.172s] Level 1:colcon.colcon_core.package_discovery:discover_packages(recursive) check parameters
[0.172s] Level 1:colcon.colcon_core.package_discovery:discover_packages(ignore) check parameters
[0.172s] Level 1:colcon.colcon_core.package_discovery:discover_packages(path) check parameters
[0.172s] Level 1:colcon.colcon_core.package_discovery:discover_packages(colcon_meta) discover
[0.172s] Level 1:colcon.colcon_core.package_discovery:discover_packages(recursive) discover
[0.172s] INFO:colcon.colcon_core.package_discovery:Crawling recursively for packages in '/home/dhiren/RAS-SES-598-Space-Robotics-and-AI'
[0.172s] Level 1:colcon.colcon_core.package_identification:_identify(.) by extensions ['ignore', 'ignore_ament_install']
[0.172s] Level 1:colcon.colcon_core.package_identification:_identify(.) by extension 'ignore'
[0.172s] Level 1:colcon.colcon_core.package_identification:_identify(.) by extension 'ignore_ament_install'
[0.172s] Level 1:colcon.colcon_core.package_identification:_identify(.) by extensions ['colcon_pkg']
[0.172s] Level 1:colcon.colcon_core.package_identification:_identify(.) by extension 'colcon_pkg'
[0.172s] Level 1:colcon.colcon_core.package_identification:_identify(.) by extensions ['colcon_meta']
[0.172s] Level 1:colcon.colcon_core.package_identification:_identify(.) by extension 'colcon_meta'
[0.172s] Level 1:colcon.colcon_core.package_identification:_identify(.) by extensions ['ros']
[0.172s] Level 1:colcon.colcon_core.package_identification:_identify(.) by extension 'ros'
[0.209s] Level 1:colcon.colcon_core.package_identification:_identify(.) by extensions ['cmake', 'python']
[0.209s] Level 1:colcon.colcon_core.package_identification:_identify(.) by extension 'cmake'
[0.209s] Level 1:colcon.colcon_core.package_identification:_identify(.) by extension 'python'
[0.209s] Level 1:colcon.colcon_core.package_identification:_identify(.) by extensions ['python_setup_py']
[0.209s] Level 1:colcon.colcon_core.package_identification:_identify(.) by extension 'python_setup_py'
[0.210s] Level 1:colcon.colcon_core.package_identification:_identify(assignments) by extensions ['ignore', 'ignore_ament_install']
[0.210s] Level 1:colcon.colcon_core.package_identification:_identify(assignments) by extension 'ignore'
[0.210s] Level 1:colcon.colcon_core.package_identification:_identify(assignments) by extension 'ignore_ament_install'
[0.210s] Level 1:colcon.colcon_core.package_identification:_identify(assignments) by extensions ['colcon_pkg']
[0.210s] Level 1:colcon.colcon_core.package_identification:_identify(assignments) by extension 'colcon_pkg'
[0.210s] Level 1:colcon.colcon_core.package_identification:_identify(assignments) by extensions ['colcon_meta']
[0.210s] Level 1:colcon.colcon_core.package_identification:_identify(assignments) by extension 'colcon_meta'
[0.210s] Level 1:colcon.colcon_core.package_identification:_identify(assignments) by extensions ['ros']
[0.210s] Level 1:colcon.colcon_core.package_identification:_identify(assignments) by extension 'ros'
[0.210s] Level 1:colcon.colcon_core.package_identification:_identify(assignments) by extensions ['cmake', 'python']
[0.210s] Level 1:colcon.colcon_core.package_identification:_identify(assignments) by extension 'cmake'
[0.210s] Level 1:colcon.colcon_core.package_identification:_identify(assignments) by extension 'python'
[0.210s] Level 1:colcon.colcon_core.package_identification:_identify(assignments) by extensions ['python_setup_py']
[0.210s] Level 1:colcon.colcon_core.package_identification:_identify(assignments) by extension 'python_setup_py'
[0.210s] Level 1:colcon.colcon_core.package_identification:_identify(assignments/cart_pole_optimal_control) by extensions ['ignore', 'ignore_ament_install']
[0.210s] Level 1:colcon.colcon_core.package_identification:_identify(assignments/cart_pole_optimal_control) by extension 'ignore'
[0.210s] Level 1:colcon.colcon_core.package_identification:_identify(assignments/cart_pole_optimal_control) by extension 'ignore_ament_install'
[0.210s] Level 1:colcon.colcon_core.package_identification:_identify(assignments/cart_pole_optimal_control) by extensions ['colcon_pkg']
[0.210s] Level 1:colcon.colcon_core.package_identification:_identify(assignments/cart_pole_optimal_control) by extension 'colcon_pkg'
[0.210s] Level 1:colcon.colcon_core.package_identification:_identify(assignments/cart_pole_optimal_control) by extensions ['colcon_meta']
[0.210s] Level 1:colcon.colcon_core.package_identification:_identify(assignments/cart_pole_optimal_control) by extension 'colcon_meta'
[0.211s] Level 1:colcon.colcon_core.package_identification:_identify(assignments/cart_pole_optimal_control) by extensions ['ros']
[0.211s] Level 1:colcon.colcon_core.package_identification:_identify(assignments/cart_pole_optimal_control) by extension 'ros'
[0.216s] DEBUG:colcon.colcon_core.package_identification:Package 'assignments/cart_pole_optimal_control' with type 'ros.ament_python' and name 'cart_pole_optimal_control'
[0.216s] Level 1:colcon.colcon_core.package_identification:_identify(assignments/first_order_boustrophedon_navigator) by extensions ['ignore', 'ignore_ament_install']
[0.216s] Level 1:colcon.colcon_core.package_identification:_identify(assignments/first_order_boustrophedon_navigator) by extension 'ignore'
[0.216s] Level 1:colcon.colcon_core.package_identification:_identify(assignments/first_order_boustrophedon_navigator) by extension 'ignore_ament_install'
[0.217s] Level 1:colcon.colcon_core.package_identification:_identify(assignments/first_order_boustrophedon_navigator) by extensions ['colcon_pkg']
[0.217s] Level 1:colcon.colcon_core.package_identification:_identify(assignments/first_order_boustrophedon_navigator) by extension 'colcon_pkg'
[0.217s] Level 1:colcon.colcon_core.package_identification:_identify(assignments/first_order_boustrophedon_navigator) by extensions ['colcon_meta']
[0.217s] Level 1:colcon.colcon_core.package_identification:_identify(assignments/first_order_boustrophedon_navigator) by extension 'colcon_meta'
[0.217s] Level 1:colcon.colcon_core.package_identification:_identify(assignments/first_order_boustrophedon_navigator) by extensions ['ros']
[0.217s] Level 1:colcon.colcon_core.package_identification:_identify(assignments/first_order_boustrophedon_navigator) by extension 'ros'
[0.218s] DEBUG:colcon.colcon_core.package_identification:Failed to parse potential ROS package manifest in'assignments/first_order_boustrophedon_navigator': Error(s) in package 'assignments/first_order_boustrophedon_navigator/package.xml':
The manifest contains invalid XML:
not well-formed (invalid token): line 31, column 1
[0.218s] Level 1:colcon.colcon_core.package_identification:_identify(assignments/first_order_boustrophedon_navigator) by extensions ['cmake', 'python']
[0.218s] Level 1:colcon.colcon_core.package_identification:_identify(assignments/first_order_boustrophedon_navigator) by extension 'cmake'
[0.218s] Level 1:colcon.colcon_core.package_identification:_identify(assignments/first_order_boustrophedon_navigator) by extension 'python'
[0.218s] Level 1:colcon.colcon_core.package_identification:_identify(assignments/first_order_boustrophedon_navigator) by extensions ['python_setup_py']
[0.218s] Level 1:colcon.colcon_core.package_identification:_identify(assignments/first_order_boustrophedon_navigator) by extension 'python_setup_py'
[0.364s] DEBUG:colcon.colcon_core.package_identification:Package 'assignments/first_order_boustrophedon_navigator' with type 'python' and name 'first_order_boustrophedon_navigator'
[0.364s] Level 1:colcon.colcon_core.package_identification:_identify(assignments/terrain_mapping_drone_control) by extensions ['ignore', 'ignore_ament_install']
[0.364s] Level 1:colcon.colcon_core.package_identification:_identify(assignments/terrain_mapping_drone_control) by extension 'ignore'
[0.364s] Level 1:colcon.colcon_core.package_identification:_identify(assignments/terrain_mapping_drone_control) by extension 'ignore_ament_install'
[0.364s] Level 1:colcon.colcon_core.package_identification:_identify(assignments/terrain_mapping_drone_control) by extensions ['colcon_pkg']
[0.365s] Level 1:colcon.colcon_core.package_identification:_identify(assignments/terrain_mapping_drone_control) by extension 'colcon_pkg'
[0.365s] Level 1:colcon.colcon_core.package_identification:_identify(assignments/terrain_mapping_drone_control) by extensions ['colcon_meta']
[0.365s] Level 1:colcon.colcon_core.package_identification:_identify(assignments/terrain_mapping_drone_control) by extension 'colcon_meta'
[0.365s] Level 1:colcon.colcon_core.package_identification:_identify(assignments/terrain_mapping_drone_control) by extensions ['ros']
[0.365s] Level 1:colcon.colcon_core.package_identification:_identify(assignments/terrain_mapping_drone_control) by extension 'ros'
[0.366s] DEBUG:colcon.colcon_core.package_identification:Package 'assignments/terrain_mapping_drone_control' with type 'ros.ament_python' and name 'terrain_mapping_drone_control'
[0.366s] Level 1:colcon.colcon_core.package_identification:_identify(build) by extensions ['ignore', 'ignore_ament_install']
[0.366s] Level 1:colcon.colcon_core.package_identification:_identify(build) by extension 'ignore'
[0.366s] Level 1:colcon.colcon_core.package_identification:_identify(build) ignored
[0.366s] Level 1:colcon.colcon_core.package_identification:_identify(install) by extensions ['ignore', 'ignore_ament_install']
[0.366s] Level 1:colcon.colcon_core.package_identification:_identify(install) by extension 'ignore'
[0.366s] Level 1:colcon.colcon_core.package_identification:_identify(install) ignored
[0.366s] Level 1:colcon.colcon_core.package_identification:_identify(lectures) by extensions ['ignore', 'ignore_ament_install']
[0.366s] Level 1:colcon.colcon_core.package_identification:_identify(lectures) by extension 'ignore'
[0.366s] Level 1:colcon.colcon_core.package_identification:_identify(lectures) by extension 'ignore_ament_install'
[0.366s] Level 1:colcon.colcon_core.package_identification:_identify(lectures) by extensions ['colcon_pkg']
[0.366s] Level 1:colcon.colcon_core.package_identification:_identify(lectures) by extension 'colcon_pkg'
[0.366s] Level 1:colcon.colcon_core.package_identification:_identify(lectures) by extensions ['colcon_meta']
[0.366s] Level 1:colcon.colcon_core.package_identification:_identify(lectures) by extension 'colcon_meta'
[0.366s] Level 1:colcon.colcon_core.package_identification:_identify(lectures) by extensions ['ros']
[0.366s] Level 1:colcon.colcon_core.package_identification:_identify(lectures) by extension 'ros'
[0.366s] Level 1:colcon.colcon_core.package_identification:_identify(lectures) by extensions ['cmake', 'python']
[0.366s] Level 1:colcon.colcon_core.package_identification:_identify(lectures) by extension 'cmake'
[0.366s] Level 1:colcon.colcon_core.package_identification:_identify(lectures) by extension 'python'
[0.366s] Level 1:colcon.colcon_core.package_identification:_identify(lectures) by extensions ['python_setup_py']
[0.366s] Level 1:colcon.colcon_core.package_identification:_identify(lectures) by extension 'python_setup_py'
[0.366s] Level 1:colcon.colcon_core.package_identification:_identify(lectures/_minted-lecture1) by extensions ['ignore', 'ignore_ament_install']
[0.366s] Level 1:colcon.colcon_core.package_identification:_identify(lectures/_minted-lecture1) by extension 'ignore'
[0.366s] Level 1:colcon.colcon_core.package_identification:_identify(lectures/_minted-lecture1) by extension 'ignore_ament_install'
[0.366s] Level 1:colcon.colcon_core.package_identification:_identify(lectures/_minted-lecture1) by extensions ['colcon_pkg']
[0.366s] Level 1:colcon.colcon_core.package_identification:_identify(lectures/_minted-lecture1) by extension 'colcon_pkg'
[0.366s] Level 1:colcon.colcon_core.package_identification:_identify(lectures/_minted-lecture1) by extensions ['colcon_meta']
[0.366s] Level 1:colcon.colcon_core.package_identification:_identify(lectures/_minted-lecture1) by extension 'colcon_meta'
[0.366s] Level 1:colcon.colcon_core.package_identification:_identify(lectures/_minted-lecture1) by extensions ['ros']
[0.366s] Level 1:colcon.colcon_core.package_identification:_identify(lectures/_minted-lecture1) by extension 'ros'
[0.366s] Level 1:colcon.colcon_core.package_identification:_identify(lectures/_minted-lecture1) by extensions ['cmake', 'python']
[0.366s] Level 1:colcon.colcon_core.package_identification:_identify(lectures/_minted-lecture1) by extension 'cmake'
[0.366s] Level 1:colcon.colcon_core.package_identification:_identify(lectures/_minted-lecture1) by extension 'python'
[0.366s] Level 1:colcon.colcon_core.package_identification:_identify(lectures/_minted-lecture1) by extensions ['python_setup_py']
[0.366s] Level 1:colcon.colcon_core.package_identification:_identify(lectures/_minted-lecture1) by extension 'python_setup_py'
[0.367s] Level 1:colcon.colcon_core.package_identification:_identify(lectures/_minted-lecture1/_minted-lecture1) by extensions ['ignore', 'ignore_ament_install']
[0.367s] Level 1:colcon.colcon_core.package_identification:_identify(lectures/_minted-lecture1/_minted-lecture1) by extension 'ignore'
[0.367s] Level 1:colcon.colcon_core.package_identification:_identify(lectures/_minted-lecture1/_minted-lecture1) by extension 'ignore_ament_install'
[0.367s] Level 1:colcon.colcon_core.package_identification:_identify(lectures/_minted-lecture1/_minted-lecture1) by extensions ['colcon_pkg']
[0.367s] Level 1:colcon.colcon_core.package_identification:_identify(lectures/_minted-lecture1/_minted-lecture1) by extension 'colcon_pkg'
[0.367s] Level 1:colcon.colcon_core.package_identification:_identify(lectures/_minted-lecture1/_minted-lecture1) by extensions ['colcon_meta']
[0.367s] Level 1:colcon.colcon_core.package_identification:_identify(lectures/_minted-lecture1/_minted-lecture1) by extension 'colcon_meta'
[0.367s] Level 1:colcon.colcon_core.package_identification:_identify(lectures/_minted-lecture1/_minted-lecture1) by extensions ['ros']
[0.367s] Level 1:colcon.colcon_core.package_identification:_identify(lectures/_minted-lecture1/_minted-lecture1) by extension 'ros'
[0.367s] Level 1:colcon.colcon_core.package_identification:_identify(lectures/_minted-lecture1/_minted-lecture1) by extensions ['cmake', 'python']
[0.367s] Level 1:colcon.colcon_core.package_identification:_identify(lectures/_minted-lecture1/_minted-lecture1) by extension 'cmake'
[0.367s] Level 1:colcon.colcon_core.package_identification:_identify(lectures/_minted-lecture1/_minted-lecture1) by extension 'python'
[0.367s] Level 1:colcon.colcon_core.package_identification:_identify(lectures/_minted-lecture1/_minted-lecture1) by extensions ['python_setup_py']
[0.367s] Level 1:colcon.colcon_core.package_identification:_identify(lectures/_minted-lecture1/_minted-lecture1) by extension 'python_setup_py'
[0.367s] Level 1:colcon.colcon_core.package_identification:_identify(lectures/_minted-lecture2) by extensions ['ignore', 'ignore_ament_install']
[0.367s] Level 1:colcon.colcon_core.package_identification:_identify(lectures/_minted-lecture2) by extension 'ignore'
[0.367s] Level 1:colcon.colcon_core.package_identification:_identify(lectures/_minted-lecture2) by extension 'ignore_ament_install'
[0.367s] Level 1:colcon.colcon_core.package_identification:_identify(lectures/_minted-lecture2) by extensions ['colcon_pkg']
[0.367s] Level 1:colcon.colcon_core.package_identification:_identify(lectures/_minted-lecture2) by extension 'colcon_pkg'
[0.367s] Level 1:colcon.colcon_core.package_identification:_identify(lectures/_minted-lecture2) by extensions ['colcon_meta']
[0.367s] Level 1:colcon.colcon_core.package_identification:_identify(lectures/_minted-lecture2) by extension 'colcon_meta'
[0.367s] Level 1:colcon.colcon_core.package_identification:_identify(lectures/_minted-lecture2) by extensions ['ros']
[0.367s] Level 1:colcon.colcon_core.package_identification:_identify(lectures/_minted-lecture2) by extension 'ros'
[0.367s] Level 1:colcon.colcon_core.package_identification:_identify(lectures/_minted-lecture2) by extensions ['cmake', 'python']
[0.367s] Level 1:colcon.colcon_core.package_identification:_identify(lectures/_minted-lecture2) by extension 'cmake'
[0.367s] Level 1:colcon.colcon_core.package_identification:_identify(lectures/_minted-lecture2) by extension 'python'
[0.367s] Level 1:colcon.colcon_core.package_identification:_identify(lectures/_minted-lecture2) by extensions ['python_setup_py']
[0.367s] Level 1:colcon.colcon_core.package_identification:_identify(lectures/_minted-lecture2) by extension 'python_setup_py'
[0.367s] Level 1:colcon.colcon_core.package_identification:_identify(lectures/_minted-lecture2/_minted-lecture2) by extensions ['ignore', 'ignore_ament_install']
[0.367s] Level 1:colcon.colcon_core.package_identification:_identify(lectures/_minted-lecture2/_minted-lecture2) by extension 'ignore'
[0.367s] Level 1:colcon.colcon_core.package_identification:_identify(lectures/_minted-lecture2/_minted-lecture2) by extension 'ignore_ament_install'
[0.367s] Level 1:colcon.colcon_core.package_identification:_identify(lectures/_minted-lecture2/_minted-lecture2) by extensions ['colcon_pkg']
[0.367s] Level 1:colcon.colcon_core.package_identification:_identify(lectures/_minted-lecture2/_minted-lecture2) by extension 'colcon_pkg'
[0.367s] Level 1:colcon.colcon_core.package_identification:_identify(lectures/_minted-lecture2/_minted-lecture2) by extensions ['colcon_meta']
[0.367s] Level 1:colcon.colcon_core.package_identification:_identify(lectures/_minted-lecture2/_minted-lecture2) by extension 'colcon_meta'
[0.367s] Level 1:colcon.colcon_core.package_identification:_identify(lectures/_minted-lecture2/_minted-lecture2) by extensions ['ros']
[0.367s] Level 1:colcon.colcon_core.package_identification:_identify(lectures/_minted-lecture2/_minted-lecture2) by extension 'ros'
[0.367s] Level 1:colcon.colcon_core.package_identification:_identify(lectures/_minted-lecture2/_minted-lecture2) by extensions ['cmake', 'python']
[0.367s] Level 1:colcon.colcon_core.package_identification:_identify(lectures/_minted-lecture2/_minted-lecture2) by extension 'cmake'
[0.367s] Level 1:colcon.colcon_core.package_identification:_identify(lectures/_minted-lecture2/_minted-lecture2) by extension 'python'
[0.367s] Level 1:colcon.colcon_core.package_identification:_identify(lectures/_minted-lecture2/_minted-lecture2) by extensions ['python_setup_py']
[0.367s] Level 1:colcon.colcon_core.package_identification:_identify(lectures/_minted-lecture2/_minted-lecture2) by extension 'python_setup_py'
[0.367s] Level 1:colcon.colcon_core.package_identification:_identify(log) by extensions ['ignore', 'ignore_ament_install']
[0.367s] Level 1:colcon.colcon_core.package_identification:_identify(log) by extension 'ignore'
[0.367s] Level 1:colcon.colcon_core.package_identification:_identify(log) ignored
[0.367s] Level 1:colcon.colcon_core.package_identification:_identify(samples) by extensions ['ignore', 'ignore_ament_install']
[0.368s] Level 1:colcon.colcon_core.package_identification:_identify(samples) by extension 'ignore'
[0.368s] Level 1:colcon.colcon_core.package_identification:_identify(samples) by extension 'ignore_ament_install'
[0.368s] Level 1:colcon.colcon_core.package_identification:_identify(samples) by extensions ['colcon_pkg']
[0.368s] Level 1:colcon.colcon_core.package_identification:_identify(samples) by extension 'colcon_pkg'
[0.368s] Level 1:colcon.colcon_core.package_identification:_identify(samples) by extensions ['colcon_meta']
[0.368s] Level 1:colcon.colcon_core.package_identification:_identify(samples) by extension 'colcon_meta'
[0.368s] Level 1:colcon.colcon_core.package_identification:_identify(samples) by extensions ['ros']
[0.368s] Level 1:colcon.colcon_core.package_identification:_identify(samples) by extension 'ros'
[0.368s] Level 1:colcon.colcon_core.package_identification:_identify(samples) by extensions ['cmake', 'python']
[0.368s] Level 1:colcon.colcon_core.package_identification:_identify(samples) by extension 'cmake'
[0.368s] Level 1:colcon.colcon_core.package_identification:_identify(samples) by extension 'python'
[0.368s] Level 1:colcon.colcon_core.package_identification:_identify(samples) by extensions ['python_setup_py']
[0.368s] Level 1:colcon.colcon_core.package_identification:_identify(samples) by extension 'python_setup_py'
[0.368s] Level 1:colcon.colcon_core.package_identification:_identify(samples/dreams_robot_control) by extensions ['ignore', 'ignore_ament_install']
[0.368s] Level 1:colcon.colcon_core.package_identification:_identify(samples/dreams_robot_control) by extension 'ignore'
[0.368s] Level 1:colcon.colcon_core.package_identification:_identify(samples/dreams_robot_control) by extension 'ignore_ament_install'
[0.368s] Level 1:colcon.colcon_core.package_identification:_identify(samples/dreams_robot_control) by extensions ['colcon_pkg']
[0.368s] Level 1:colcon.colcon_core.package_identification:_identify(samples/dreams_robot_control) by extension 'colcon_pkg'
[0.368s] Level 1:colcon.colcon_core.package_identification:_identify(samples/dreams_robot_control) by extensions ['colcon_meta']
[0.368s] Level 1:colcon.colcon_core.package_identification:_identify(samples/dreams_robot_control) by extension 'colcon_meta'
[0.368s] Level 1:colcon.colcon_core.package_identification:_identify(samples/dreams_robot_control) by extensions ['ros']
[0.368s] Level 1:colcon.colcon_core.package_identification:_identify(samples/dreams_robot_control) by extension 'ros'
[0.368s] DEBUG:colcon.colcon_core.package_identification:Package 'samples/dreams_robot_control' with type 'ros.ament_python' and name 'dreams_robot_control'
[0.369s] Level 1:colcon.colcon_core.package_identification:_identify(samples/dreams_stereo) by extensions ['ignore', 'ignore_ament_install']
[0.369s] Level 1:colcon.colcon_core.package_identification:_identify(samples/dreams_stereo) by extension 'ignore'
[0.369s] Level 1:colcon.colcon_core.package_identification:_identify(samples/dreams_stereo) by extension 'ignore_ament_install'
[0.369s] Level 1:colcon.colcon_core.package_identification:_identify(samples/dreams_stereo) by extensions ['colcon_pkg']
[0.369s] Level 1:colcon.colcon_core.package_identification:_identify(samples/dreams_stereo) by extension 'colcon_pkg'
[0.369s] Level 1:colcon.colcon_core.package_identification:_identify(samples/dreams_stereo) by extensions ['colcon_meta']
[0.369s] Level 1:colcon.colcon_core.package_identification:_identify(samples/dreams_stereo) by extension 'colcon_meta'
[0.369s] Level 1:colcon.colcon_core.package_identification:_identify(samples/dreams_stereo) by extensions ['ros']
[0.369s] Level 1:colcon.colcon_core.package_identification:_identify(samples/dreams_stereo) by extension 'ros'
[0.369s] DEBUG:colcon.colcon_core.package_identification:Package 'samples/dreams_stereo' with type 'ros.ament_python' and name 'dreams_stereo'
[0.369s] Level 1:colcon.colcon_core.package_discovery:discover_packages(recursive) using defaults
[0.369s] Level 1:colcon.colcon_core.package_discovery:discover_packages(ignore) discover
[0.369s] Level 1:colcon.colcon_core.package_discovery:discover_packages(ignore) using defaults
[0.369s] Level 1:colcon.colcon_core.package_discovery:discover_packages(path) discover
[0.369s] Level 1:colcon.colcon_core.package_discovery:discover_packages(path) using defaults
[0.387s] INFO:colcon.colcon_core.package_selection:Skipping not selected package 'dreams_robot_control' in 'samples/dreams_robot_control'
[0.388s] INFO:colcon.colcon_core.package_selection:Skipping not selected package 'dreams_stereo' in 'samples/dreams_stereo'
[0.388s] INFO:colcon.colcon_core.package_selection:Skipping not selected package 'first_order_boustrophedon_navigator' in 'assignments/first_order_boustrophedon_navigator'
[0.388s] INFO:colcon.colcon_core.package_selection:Skipping not selected package 'terrain_mapping_drone_control' in 'assignments/terrain_mapping_drone_control'
[0.388s] Level 1:colcon.colcon_core.package_discovery:discover_packages(prefix_path) check parameters
[0.388s] Level 1:colcon.colcon_core.package_discovery:discover_packages(prefix_path) discover
[0.394s] DEBUG:colcon.colcon_installed_package_information.package_discovery:Found 395 installed packages in /opt/ros/jazzy
[0.396s] Level 1:colcon.colcon_core.package_discovery:discover_packages(prefix_path) using defaults
[0.442s] Level 5:colcon.colcon_core.verb:set package 'cart_pole_optimal_control' build argument 'cmake_args' from command line to 'None'
[0.442s] Level 5:colcon.colcon_core.verb:set package 'cart_pole_optimal_control' build argument 'cmake_target' from command line to 'None'
[0.442s] Level 5:colcon.colcon_core.verb:set package 'cart_pole_optimal_control' build argument 'cmake_target_skip_unavailable' from command line to 'False'
[0.442s] Level 5:colcon.colcon_core.verb:set package 'cart_pole_optimal_control' build argument 'cmake_clean_cache' from command line to 'False'
[0.442s] Level 5:colcon.colcon_core.verb:set package 'cart_pole_optimal_control' build argument 'cmake_clean_first' from command line to 'False'
[0.442s] Level 5:colcon.colcon_core.verb:set package 'cart_pole_optimal_control' build argument 'cmake_force_configure' from command line to 'False'
[0.442s] Level 5:colcon.colcon_core.verb:set package 'cart_pole_optimal_control' build argument 'ament_cmake_args' from command line to 'None'
[0.442s] Level 5:colcon.colcon_core.verb:set package 'cart_pole_optimal_control' build argument 'catkin_cmake_args' from command line to 'None'
[0.442s] Level 5:colcon.colcon_core.verb:set package 'cart_pole_optimal_control' build argument 'catkin_skip_building_tests' from command line to 'False'
[0.442s] DEBUG:colcon.colcon_core.verb:Building package 'cart_pole_optimal_control' with the following arguments: {'ament_cmake_args': None, 'build_base': '/home/dhiren/RAS-SES-598-Space-Robotics-and-AI/build/cart_pole_optimal_control', 'catkin_cmake_args': None, 'catkin_skip_building_tests': False, 'cmake_args': None, 'cmake_clean_cache': False, 'cmake_clean_first': False, 'cmake_force_configure': False, 'cmake_target': None, 'cmake_target_skip_unavailable': False, 'install_base': '/home/dhiren/RAS-SES-598-Space-Robotics-and-AI/install/cart_pole_optimal_control', 'merge_install': False, 'path': '/home/dhiren/RAS-SES-598-Space-Robotics-and-AI/assignments/cart_pole_optimal_control', 'symlink_install': True, 'test_result_base': None}
[0.442s] INFO:colcon.colcon_core.executor:Executing jobs using 'parallel' executor
[0.443s] DEBUG:colcon.colcon_parallel_executor.executor.parallel:run_until_complete
[0.444s] INFO:colcon.colcon_ros.task.ament_python.build:Building ROS package in '/home/dhiren/RAS-SES-598-Space-Robotics-and-AI/assignments/cart_pole_optimal_control' with build type 'ament_python'
[0.444s] Level 1:colcon.colcon_core.shell:create_environment_hook('cart_pole_optimal_control', 'ament_prefix_path')
[0.447s] INFO:colcon.colcon_core.plugin_system:Skipping extension 'colcon_core.shell.bat': Not used on non-Windows systems
[0.448s] INFO:colcon.colcon_core.shell:Creating environment hook '/home/dhiren/RAS-SES-598-Space-Robotics-and-AI/install/cart_pole_optimal_control/share/cart_pole_optimal_control/hook/ament_prefix_path.ps1'
[0.449s] INFO:colcon.colcon_core.shell:Creating environment descriptor '/home/dhiren/RAS-SES-598-Space-Robotics-and-AI/install/cart_pole_optimal_control/share/cart_pole_optimal_control/hook/ament_prefix_path.dsv'
[0.450s] INFO:colcon.colcon_core.shell:Creating environment hook '/home/dhiren/RAS-SES-598-Space-Robotics-and-AI/install/cart_pole_optimal_control/share/cart_pole_optimal_control/hook/ament_prefix_path.sh'
[0.451s] INFO:colcon.colcon_core.shell:Skip shell extension 'powershell' for command environment: Not usable outside of PowerShell
[0.451s] DEBUG:colcon.colcon_core.shell:Skip shell extension 'dsv' for command environment
[0.671s] INFO:colcon.colcon_core.task.python.build:Building Python package in '/home/dhiren/RAS-SES-598-Space-Robotics-and-AI/assignments/cart_pole_optimal_control'
[0.671s] INFO:colcon.colcon_core.shell:Skip shell extension 'powershell' for command environment: Not usable outside of PowerShell
[0.671s] DEBUG:colcon.colcon_core.shell:Skip shell extension 'dsv' for command environment
[1.484s] DEBUG:colcon.colcon_core.event_handler.log_command:Invoking command in '/home/dhiren/RAS-SES-598-Space-Robotics-and-AI/build/cart_pole_optimal_control': DEBUGINFOD_URLS=https://debuginfod.ubuntu.com PS1=(myenv) \[\e]0;\u@\h: \w\a\]${debian_chroot:+($debian_chroot)}\[\033[01;32m\]\u@\h\[\033[00m\]:\[\033[01;34m\]\w\[\033[00m\]\$ PYTHONPATH=/home/dhiren/RAS-SES-598-Space-Robotics-and-AI/build/cart_pole_optimal_control/prefix_override:/usr/lib/python3/dist-packages/colcon_core/task/python/colcon_distutils_commands:/home/dhiren/RAS-SES-598-Space-Robotics-and-AI/install/cart_pole_optimal_control/lib/python3.12/site-packages:${PYTHONPATH} VIRTUAL_ENV_PROMPT=(myenv) /usr/bin/python3 -W ignore:setup.py install is deprecated -W ignore:easy_install command is deprecated setup.py develop --editable --build-directory /home/dhiren/RAS-SES-598-Space-Robotics-and-AI/build/cart_pole_optimal_control/build --no-deps symlink_data
[1.953s] Level 1:colcon.colcon_core.shell:create_environment_hook('cart_pole_optimal_control', 'pythonpath_develop')
[1.954s] INFO:colcon.colcon_core.shell:Creating environment hook '/home/dhiren/RAS-SES-598-Space-Robotics-and-AI/build/cart_pole_optimal_control/share/cart_pole_optimal_control/hook/pythonpath_develop.ps1'
[1.954s] DEBUG:colcon.colcon_core.event_handler.log_command:Invoked command in '/home/dhiren/RAS-SES-598-Space-Robotics-and-AI/build/cart_pole_optimal_control' returned '0': DEBUGINFOD_URLS=https://debuginfod.ubuntu.com PS1=(myenv) \[\e]0;\u@\h: \w\a\]${debian_chroot:+($debian_chroot)}\[\033[01;32m\]\u@\h\[\033[00m\]:\[\033[01;34m\]\w\[\033[00m\]\$ PYTHONPATH=/home/dhiren/RAS-SES-598-Space-Robotics-and-AI/build/cart_pole_optimal_control/prefix_override:/usr/lib/python3/dist-packages/colcon_core/task/python/colcon_distutils_commands:/home/dhiren/RAS-SES-598-Space-Robotics-and-AI/install/cart_pole_optimal_control/lib/python3.12/site-packages:${PYTHONPATH} VIRTUAL_ENV_PROMPT=(myenv) /usr/bin/python3 -W ignore:setup.py install is deprecated -W ignore:easy_install command is deprecated setup.py develop --editable --build-directory /home/dhiren/RAS-SES-598-Space-Robotics-and-AI/build/cart_pole_optimal_control/build --no-deps symlink_data
[1.955s] INFO:colcon.colcon_core.shell:Creating environment descriptor '/home/dhiren/RAS-SES-598-Space-Robotics-and-AI/build/cart_pole_optimal_control/share/cart_pole_optimal_control/hook/pythonpath_develop.dsv'
[1.955s] INFO:colcon.colcon_core.shell:Creating environment hook '/home/dhiren/RAS-SES-598-Space-Robotics-and-AI/build/cart_pole_optimal_control/share/cart_pole_optimal_control/hook/pythonpath_develop.sh'
[1.958s] Level 1:colcon.colcon_core.environment:checking '/home/dhiren/RAS-SES-598-Space-Robotics-and-AI/install/cart_pole_optimal_control' for CMake module files
[1.958s] Level 1:colcon.colcon_core.environment:checking '/home/dhiren/RAS-SES-598-Space-Robotics-and-AI/install/cart_pole_optimal_control' for CMake config files
[1.959s] Level 1:colcon.colcon_core.environment:checking '/home/dhiren/RAS-SES-598-Space-Robotics-and-AI/install/cart_pole_optimal_control/lib'
[1.959s] Level 1:colcon.colcon_core.environment:checking '/home/dhiren/RAS-SES-598-Space-Robotics-and-AI/install/cart_pole_optimal_control/bin'
[1.959s] Level 1:colcon.colcon_core.environment:checking '/home/dhiren/RAS-SES-598-Space-Robotics-and-AI/install/cart_pole_optimal_control/lib/pkgconfig/cart_pole_optimal_control.pc'
[1.959s] Level 1:colcon.colcon_core.environment:checking '/home/dhiren/RAS-SES-598-Space-Robotics-and-AI/install/cart_pole_optimal_control/lib/python3.12/site-packages'
[1.959s] Level 1:colcon.colcon_core.shell:create_environment_hook('cart_pole_optimal_control', 'pythonpath')
[1.959s] INFO:colcon.colcon_core.shell:Creating environment hook '/home/dhiren/RAS-SES-598-Space-Robotics-and-AI/install/cart_pole_optimal_control/share/cart_pole_optimal_control/hook/pythonpath.ps1'
[1.960s] INFO:colcon.colcon_core.shell:Creating environment descriptor '/home/dhiren/RAS-SES-598-Space-Robotics-and-AI/install/cart_pole_optimal_control/share/cart_pole_optimal_control/hook/pythonpath.dsv'
[1.960s] INFO:colcon.colcon_core.shell:Creating environment hook '/home/dhiren/RAS-SES-598-Space-Robotics-and-AI/install/cart_pole_optimal_control/share/cart_pole_optimal_control/hook/pythonpath.sh'
[1.960s] Level 1:colcon.colcon_core.environment:checking '/home/dhiren/RAS-SES-598-Space-Robotics-and-AI/install/cart_pole_optimal_control/bin'
[1.960s] Level 1:colcon.colcon_core.environment:create_environment_scripts_only(cart_pole_optimal_control)
[1.960s] INFO:colcon.colcon_core.shell:Creating package script '/home/dhiren/RAS-SES-598-Space-Robotics-and-AI/install/cart_pole_optimal_control/share/cart_pole_optimal_control/package.ps1'
[1.961s] INFO:colcon.colcon_core.shell:Creating package descriptor '/home/dhiren/RAS-SES-598-Space-Robotics-and-AI/install/cart_pole_optimal_control/share/cart_pole_optimal_control/package.dsv'
[1.962s] INFO:colcon.colcon_core.shell:Creating package script '/home/dhiren/RAS-SES-598-Space-Robotics-and-AI/install/cart_pole_optimal_control/share/cart_pole_optimal_control/package.sh'
[1.962s] INFO:colcon.colcon_core.shell:Creating package script '/home/dhiren/RAS-SES-598-Space-Robotics-and-AI/install/cart_pole_optimal_control/share/cart_pole_optimal_control/package.bash'
[1.963s] INFO:colcon.colcon_core.shell:Creating package script '/home/dhiren/RAS-SES-598-Space-Robotics-and-AI/install/cart_pole_optimal_control/share/cart_pole_optimal_control/package.zsh'
[1.964s] Level 1:colcon.colcon_core.environment:create_file_with_runtime_dependencies(/home/dhiren/RAS-SES-598-Space-Robotics-and-AI/install/cart_pole_optimal_control/share/colcon-core/packages/cart_pole_optimal_control)
[1.964s] DEBUG:colcon.colcon_parallel_executor.executor.parallel:closing loop
[1.964s] DEBUG:colcon.colcon_parallel_executor.executor.parallel:loop closed
[1.964s] DEBUG:colcon.colcon_parallel_executor.executor.parallel:run_until_complete finished with '0'
[1.964s] DEBUG:colcon.colcon_core.event_reactor:joining thread
[1.973s] INFO:colcon.colcon_core.plugin_system:Skipping extension 'colcon_notification.desktop_notification.terminal_notifier': Not used on non-Darwin systems
[1.974s] INFO:colcon.colcon_core.plugin_system:Skipping extension 'colcon_notification.desktop_notification.win32': Not used on non-Windows systems
[1.974s] INFO:colcon.colcon_notification.desktop_notification:Sending desktop notification using 'notify2'
[2.001s] DEBUG:colcon.colcon_core.event_reactor:joined thread
[2.002s] INFO:colcon.colcon_core.shell:Creating prefix script '/home/dhiren/RAS-SES-598-Space-Robotics-and-AI/install/local_setup.ps1'
[2.003s] INFO:colcon.colcon_core.shell:Creating prefix util module '/home/dhiren/RAS-SES-598-Space-Robotics-and-AI/install/_local_setup_util_ps1.py'
[2.004s] INFO:colcon.colcon_core.shell:Creating prefix chain script '/home/dhiren/RAS-SES-598-Space-Robotics-and-AI/install/setup.ps1'
[2.005s] INFO:colcon.colcon_core.shell:Creating prefix script '/home/dhiren/RAS-SES-598-Space-Robotics-and-AI/install/local_setup.sh'
[2.006s] INFO:colcon.colcon_core.shell:Creating prefix util module '/home/dhiren/RAS-SES-598-Space-Robotics-and-AI/install/_local_setup_util_sh.py'
[2.007s] INFO:colcon.colcon_core.shell:Creating prefix chain script '/home/dhiren/RAS-SES-598-Space-Robotics-and-AI/install/setup.sh'
[2.008s] INFO:colcon.colcon_core.shell:Creating prefix script '/home/dhiren/RAS-SES-598-Space-Robotics-and-AI/install/local_setup.bash'
[2.009s] INFO:colcon.colcon_core.shell:Creating prefix chain script '/home/dhiren/RAS-SES-598-Space-Robotics-and-AI/install/setup.bash'
[2.010s] INFO:colcon.colcon_core.shell:Creating prefix script '/home/dhiren/RAS-SES-598-Space-Robotics-and-AI/install/local_setup.zsh'
[2.011s] INFO:colcon.colcon_core.shell:Creating prefix chain script '/home/dhiren/RAS-SES-598-Space-Robotics-and-AI/install/setup.zsh'
